c:\kwak\projekt\projectpo\projectpo\debug\vc142.pdb
c:\kwak\projekt\projectpo\projectpo\debug\vc142.idb
c:\kwak\projekt\projectpo\projectpo\debug\zombie.obj
c:\kwak\projekt\projectpo\projectpo\debug\soldier.obj
c:\kwak\projekt\projectpo\projectpo\debug\medicalstaff.obj
c:\kwak\projekt\projectpo\projectpo\debug\citizen.obj
c:\kwak\projekt\projectpo\projectpo\debug\projectpo.obj
c:\kwak\projekt\projectpo\projectpo\debug\world.obj
c:\kwak\projekt\projectpo\projectpo\debug\virus.obj
c:\kwak\projekt\projectpo\projectpo\debug\respiratoryvirus.obj
c:\kwak\projekt\projectpo\projectpo\debug\reproductivevirus.obj
c:\kwak\projekt\projectpo\projectpo\debug\nervevirus.obj
c:\kwak\projekt\projectpo\projectpo\debug\region.obj
c:\kwak\projekt\projectpo\debug\projectpo.pdb
c:\kwak\projekt\projectpo\projectpo\debug\projectpo.tlog\cl.command.1.tlog
c:\kwak\projekt\projectpo\projectpo\debug\projectpo.tlog\cl.read.1.tlog
c:\kwak\projekt\projectpo\projectpo\debug\projectpo.tlog\cl.write.1.tlog
c:\kwak\projekt\projectpo\projectpo\debug\projectpo.tlog\link.command.1.tlog
c:\kwak\projekt\projectpo\projectpo\debug\projectpo.tlog\link.read.1.tlog
c:\kwak\projekt\projectpo\projectpo\debug\projectpo.tlog\link.write.1.tlog
